{"logLevel":"debug","message":"multithreading is set to false"}
{"logLevel":"debug","message":"Using reflection to scan dependencies for gauge implementations..."}
SLF4J: Failed to load class "org.slf4j.impl.StaticLoggerBinder".
SLF4J: Defaulting to no-operation (NOP) logger implementation
SLF4J: See http://www.slf4j.org/codes.html#StaticLoggerBinder for further details.
{"logLevel":"debug","message":"gauge-java took 2304milliseconds to load and scan. This should be less than 'runner_connection_timeout' config value."}
{"logLevel":"debug","message":"run 'gauge config runner_connection_timeout' and verify that it is < 2304"}
{"logLevel":"debug","message":"starting gRPC server..."}
{"logLevel":"debug","message":"started gRPC server on port 52214"}
{"logLevel":"info","message":"Listening on port:52214"}
{"logLevel":"debug","message":"Scanning packages for steps"}
{"logLevel":"debug","message":"Comparing 'org.example.StepImplementation.ensureInstallationInstructionsAreAvailable' and 'org.example.StepImplementation.ensureInstallationInstructionsAreAvailable'"}
{"logLevel":"debug","message":"Found Ensure installation instructions are available in current project scope."}
{"logLevel":"debug","message":"Comparing 'org.example.StepImplementation.FindItem' and 'org.example.StepImplementation.FindItem'"}
{"logLevel":"debug","message":"Found Find Item {} in current project scope."}
{"logLevel":"debug","message":"Comparing 'org.example.StepImplementation.Open4Ocean' and 'org.example.StepImplementation.Open4Ocean'"}
{"logLevel":"debug","message":"Found Open The 4Ocean Site in current project scope."}
{"logLevel":"debug","message":"Comparing 'org.example.StepImplementation.gotoGetStartedPage' and 'org.example.StepImplementation.gotoGetStartedPage'"}
{"logLevel":"debug","message":"Found Go to Gauge Get Started Page in current project scope."}
{"logLevel":"debug","message":"Comparing 'org.example.StepImplementation.implementation1' and 'org.example.StepImplementation.implementation1'"}
{"logLevel":"debug","message":"Found Open the Gauge homepage in current project scope."}
{"logLevel":"debug","message":"Comparing 'org.example.StepImplementation.OpenCatalog' and 'org.example.StepImplementation.OpenCatalog'"}
{"logLevel":"debug","message":"Found Open The Catalog in current project scope."}
{"logLevel":"debug","message":"Scanning packages for hooks"}
{"logLevel":"debug","message":"Scanned steps (using static parsing + reflections): "}
{"logLevel":"debug","message":"\t// blank no check on the Scenario/Pickle Provided\r\n\"Scenarios : public void beforeTestMethod(@Optional(\"true\") boolean bDetailLog, @Optional(\"All\") String sScreenCaptureLevel, @Optional(\"chrome\") String sBrowser, @Optional(\"\") String sFeatures, @Optional(\"\") String sScenarios, @Optional(\"\") String sResultsFolder, @Optional(\"\") String sEventsLogFolder, @Optional(\"\") String sExpected, @Optional(\"\") String sExcelFile, @Optional(\"\") String sWorksheet, ITestContext ctx)"}
{"logLevel":"debug","message":"\tFind Item {} : public void FindItem(String sItemName)"}
{"logLevel":"debug","message":"\tDetailLog : public void beforeTestMethod(@Optional(\"true\") boolean bDetailLog, @Optional(\"All\") String sScreenCaptureLevel, @Optional(\"chrome\") String sBrowser, @Optional(\"\") String sFeatures, @Optional(\"\") String sScenarios, @Optional(\"\") String sResultsFolder, @Optional(\"\") String sEventsLogFolder, @Optional(\"\") String sExpected, @Optional(\"\") String sExcelFile, @Optional(\"\") String sWorksheet, ITestContext ctx)"}
{"logLevel":"debug","message":"\tProductName : public void BuyAnItemWithoutLoggedIn(@Optional(\"\") String sProductName, @Optional(\"13\") String sQty, @Optional(\"\") String sResultFolder, @Optional(\"\") String sEventLogFolder, @Optional(\"True\") boolean bExpected, ITestContext ctx)"}
{"logLevel":"debug","message":"\tI find Item {string} : public void i_find_Item(String ProductName)"}
{"logLevel":"debug","message":"\tExcelFile : public void beforeTestMethod(@Optional(\"true\") boolean bDetailLog, @Optional(\"All\") String sScreenCaptureLevel, @Optional(\"chrome\") String sBrowser, @Optional(\"\") String sFeatures, @Optional(\"\") String sScenarios, @Optional(\"\") String sResultsFolder, @Optional(\"\") String sEventsLogFolder, @Optional(\"\") String sExpected, @Optional(\"\") String sExcelFile, @Optional(\"\") String sWorksheet, ITestContext ctx)"}
{"logLevel":"debug","message":"\tScreenCaptureLevel : public void beforeTestMethod(@Optional(\"true\") boolean bDetailLog, @Optional(\"All\") String sScreenCaptureLevel, @Optional(\"chrome\") String sBrowser, @Optional(\"\") String sFeatures, @Optional(\"\") String sScenarios, @Optional(\"\") String sResultsFolder, @Optional(\"\") String sEventsLogFolder, @Optional(\"\") String sExpected, @Optional(\"\") String sExcelFile, @Optional(\"\") String sWorksheet, ITestContext ctx)"}
{"logLevel":"debug","message":"\tWorksheet : public void beforeTestMethod(@Optional(\"true\") boolean bDetailLog, @Optional(\"All\") String sScreenCaptureLevel, @Optional(\"chrome\") String sBrowser, @Optional(\"\") String sFeatures, @Optional(\"\") String sScenarios, @Optional(\"\") String sResultsFolder, @Optional(\"\") String sEventsLogFolder, @Optional(\"\") String sExpected, @Optional(\"\") String sExcelFile, @Optional(\"\") String sWorksheet, ITestContext ctx)"}
{"logLevel":"debug","message":"\t// blank no check on the Feature Provided\r\n\"Features : public void beforeTestMethod(@Optional(\"true\") boolean bDetailLog, @Optional(\"All\") String sScreenCaptureLevel, @Optional(\"chrome\") String sBrowser, @Optional(\"\") String sFeatures, @Optional(\"\") String sScenarios, @Optional(\"\") String sResultsFolder, @Optional(\"\") String sEventsLogFolder, @Optional(\"\") String sExpected, @Optional(\"\") String sExcelFile, @Optional(\"\") String sWorksheet, ITestContext ctx)"}
{"logLevel":"debug","message":"\tthe Shopping Page should open : public void the_Shopping_Page_should_open()"}
{"logLevel":"debug","message":"\tOrderQuantity : public void BuyAnItemWithoutLoggedIn(@Optional(\"\") String sProductName, @Optional(\"13\") String sQty, @Optional(\"\") String sResultFolder, @Optional(\"\") String sEventLogFolder, @Optional(\"True\") boolean bExpected, ITestContext ctx)"}
{"logLevel":"debug","message":"\tOpen the Gauge homepage : public void implementation1()"}
{"logLevel":"debug","message":"\tOpen The 4Ocean Site : public void Open4Ocean()"}
{"logLevel":"debug","message":"\tOpen The Catalog : public void OpenCatalog()"}
{"logLevel":"debug","message":"\tResultsFolder : public void beforeTestMethod(@Optional(\"true\") boolean bDetailLog, @Optional(\"All\") String sScreenCaptureLevel, @Optional(\"chrome\") String sBrowser, @Optional(\"\") String sFeatures, @Optional(\"\") String sScenarios, @Optional(\"\") String sResultsFolder, @Optional(\"\") String sEventsLogFolder, @Optional(\"\") String sExpected, @Optional(\"\") String sExcelFile, @Optional(\"\") String sWorksheet, ITestContext ctx)"}
{"logLevel":"debug","message":"\tI enter in the URL http:\\\\/\\\\/www{double}ocean.com and hit the enter key : public void i_enter_in_the_URL_http_www_ocean_com_and_hit_the_enter_key(Double double1)"}
{"logLevel":"debug","message":"\tI highlight the Product : public void i_highlight_the_Product()"}
{"logLevel":"debug","message":"\tEnsure installation instructions are available : public void ensureInstallationInstructionsAreAvailable() throws InterruptedException"}
{"logLevel":"debug","message":"\tEventLogFolder : public void beforeTestMethod(@Optional(\"true\") boolean bDetailLog, @Optional(\"All\") String sScreenCaptureLevel, @Optional(\"chrome\") String sBrowser, @Optional(\"\") String sFeatures, @Optional(\"\") String sScenarios, @Optional(\"\") String sResultsFolder, @Optional(\"\") String sEventsLogFolder, @Optional(\"\") String sExpected, @Optional(\"\") String sExcelFile, @Optional(\"\") String sWorksheet, ITestContext ctx)"}
{"logLevel":"debug","message":"\tExpected : public void beforeTestMethod(@Optional(\"true\") boolean bDetailLog, @Optional(\"All\") String sScreenCaptureLevel, @Optional(\"chrome\") String sBrowser, @Optional(\"\") String sFeatures, @Optional(\"\") String sScenarios, @Optional(\"\") String sResultsFolder, @Optional(\"\") String sEventsLogFolder, @Optional(\"\") String sExpected, @Optional(\"\") String sExcelFile, @Optional(\"\") String sWorksheet, ITestContext ctx)"}
{"logLevel":"debug","message":"\tI find Product {string} : public void i_find_Product(String ProductName)"}
{"logLevel":"debug","message":"\tGo to Gauge Get Started Page : public void gotoGetStartedPage() throws InterruptedException"}
{"logLevel":"debug","message":"\tThe browser is open : public void the_browser_is_open()"}
{"logLevel":"debug","message":"\tthe {int}Ocean Site should be open : public void the_Ocean_Site_should_be_open(Integer int1)"}
{"logLevel":"debug","message":"\tI Select the Shop button : public void i_Select_the_Shop_button()"}
{"logLevel":"debug","message":"\tBrowser : public void beforeTestMethod(@Optional(\"true\") boolean bDetailLog, @Optional(\"All\") String sScreenCaptureLevel, @Optional(\"chrome\") String sBrowser, @Optional(\"\") String sFeatures, @Optional(\"\") String sScenarios, @Optional(\"\") String sResultsFolder, @Optional(\"\") String sEventsLogFolder, @Optional(\"\") String sExpected, @Optional(\"\") String sExcelFile, @Optional(\"\") String sWorksheet, ITestContext ctx)"}
Starting ChromeDriver 87.0.4280.88 (89e2380a3e36c3464b5dd1302349b1382549290d-refs/branch-heads/4280@{#1761}) on port 29007
Only local connections are allowed.
Please see https://chromedriver.chromium.org/security-considerations for suggestions on keeping ChromeDriver safe.
ChromeDriver was started successfully.
Jan 03, 2021 6:24:26 PM org.openqa.selenium.remote.ProtocolHandshake createSession
INFO: Detected dialect: W3C
Starting ChromeDriver 87.0.4280.88 (89e2380a3e36c3464b5dd1302349b1382549290d-refs/branch-heads/4280@{#1761}) on port 21963
Only local connections are allowed.
Please see https://chromedriver.chromium.org/security-considerations for suggestions on keeping ChromeDriver safe.
ChromeDriver was started successfully.
Jan 03, 2021 6:24:36 PM org.openqa.selenium.remote.ProtocolHandshake createSession
INFO: Detected dialect: W3C
Start
SFCurrent: C:\Users\tarom\IdeaProjects\Gauge4Ocean\test-output
sResultFolder: 
Results File: C:\Users\tarom\IdeaProjects\Gauge4Ocean\test-output\\4Ocean Test1_tarom_DESKTOP-HJ064M7_20210103182436330\Results.html
1
sBrowser: Name: chrome Ver: 87.0.4280.88 On: Windows 10_10.0
Html Log: C:\Users\tarom\IdeaProjects\Gauge4Ocean\test-output\4Ocean Test1_tarom_DESKTOP-HJ064M7_20210103182436330
in log test results stp2
Current Results Page: C:\Users\tarom\IdeaProjects\Gauge4Ocean\test-output\\4Ocean Test1_tarom_DESKTOP-HJ064M7_20210103182436330\\Results.html
1
sBrowser: Name: chrome Ver: 87.0.4280.88 On: Windows 10_10.0
Log Started GGGGG
Log Started GGGGGAAAAAAAAAAAAAAAAAAAAAAA
{"logLevel":"debug","message":"Executing 'Open The 4Ocean Site' using 'class org.example.StepImplementation.Open4Ocean"}
DT get ewe - not null By.xpath: //div[@id='attentive_overlay']
Element found:
Element displayed
Element not visible
IsObjectVisible false
IsDisplayed true
PopUp Found
DT get ewe - not null By.xpath: //iframe[@id='attentive_creative']
Element found:
Element displayed
Element visible
IsObjectVisible true
IsDisplayed true
eweFrame Found
DT get ewe - not null By.xpath: //iframe[@id='attentive_creative']
Element found:
Element displayed
Element visible
IsObjectVisible true
IsDisplayed true
Frame still there
DT get ewe - not null By.xpath: //iframe[@id='attentive_creative']
Element found:
Element displayed
Element visible
IsObjectVisible true
IsDisplayed true
Frane Switch: true -- frame swtiched
DT get ewe - not null By.id: closeIconSvg
Element found:
Element displayed
Element visible
IsObjectVisible true
IsDisplayed true
Close X found
DT get ewe - not null By.xpath: //iframe[@id='attentive_creative']
Element found:
Element displayed
Element visible
IsObjectVisible true
IsDisplayed true
Frame still there
DT get ewe - not null By.xpath: //iframe[@id='attentive_creative']
Element found:
Element displayed
Element visible
IsObjectVisible true
IsDisplayed true
Frane Switch: true -- frame swtiched
DT get ewe - not null By.id: closeIconSvg
Element found:
Element displayed
Element visible
IsObjectVisible true
IsDisplayed true
Close X found
DT get ewe - not null By.xpath: //iframe[@id='attentive_creative']
Element found:
Element displayed
Element visible
IsObjectVisible true
IsDisplayed true
Frame still there
DT get ewe - not null By.xpath: //iframe[@id='attentive_creative']
Element found:
Element displayed
Element visible
IsObjectVisible true
IsDisplayed true
Frane Switch: true -- frame swtiched
DT get ewe - not null By.id: closeIconSvg
Element found:
Element displayed
Element visible
IsObjectVisible true
IsDisplayed true
Close X found
DT get ewe - not null By.xpath: //iframe[@id='attentive_creative']
Element found:
Element displayed
Element visible
IsObjectVisible true
IsDisplayed true
Frame still there
DT get ewe - not null By.xpath: //iframe[@id='attentive_creative']
Element found:
Element displayed
Element visible
IsObjectVisible true
IsDisplayed true
Frane Switch: true -- frame swtiched
DT get ewe - not null By.id: closeIconSvg
Element found:
Element displayed
Element visible
IsObjectVisible true
IsDisplayed true
Close X found
attempt click
made click
{"logLevel":"debug","message":"Executing 'Open The Catalog' using 'class org.example.StepImplementation.OpenCatalog"}
Start: 20210103182503992
Element found:
Element displayed
Element visible
Start: 20210103182504147
Element found:
Element displayed
Element visible
attempt click
made click
End: 20210103182508447
Start at: 1609716304147 End at: 1609716308447
Start at: 1609716304147 End at: 1609716308447
Start at: 1609716304147 End at: 1609716308447
Started: 2021-01-03_18:25:04.147
Started: 2021-01-03_18:25:04.147
Shop all URL: https://www.4ocean.com/collections/shop-all
in log test results stp2
C:\Users\tarom\IdeaProjects\Gauge4Ocean\test-output\\4Ocean Test1_tarom_DESKTOP-HJ064M7_20210103182436330\SC0.png
Current Results Page: C:\Users\tarom\IdeaProjects\Gauge4Ocean\test-output\\4Ocean Test1_tarom_DESKTOP-HJ064M7_20210103182436330\\Results.html
{"logLevel":"debug","message":"Executing 'Find Item {}' using 'class org.example.StepImplementation.FindItem"}
Element found:
Element displayed
Element visible
Element found:
Element displayed
Element visible
DT get ewe - not null By.xpath: //a[contains(text(),'Stingray 2-Pound Pack')]
Element found:
Element displayed
Element visible
IsObjectVisible true
IsDisplayed true
Element found:
Element displayed
Element visible
X loc1: 304
Y loc1: 347
Element found:
Element displayed
Element visible
X loc1: 304
Y loc1: 347
Element found:
Element displayed
Element visible
Element found:
Element displayed
Element visible
DT get ewe - not null By.className: money
Element found:
Element displayed
Element visible
IsObjectVisible true
IsDisplayed true
DT get ewe - not null By.className: color-tile
Element found:
Element displayed
Element visible
IsObjectVisible true
IsDisplayed true
DT get ewe - not null By.className: color-tile
Element found:
Element displayed
Element visible
IsObjectVisible true
IsDisplayed true
r: 29 g: 63 b: 102 a:1
#1d3f66
r: 29 g: 63 b: 102 a:1
#1d3f66
Color for Tile 1 : #1d3f66
r: 122 g: 232 b: 169 a:1
#7ae8a9
r: 122 g: 232 b: 169 a:1
#7ae8a9
Color for Tile 2 : #7ae8a9
in log test results stp2
C:\Users\tarom\IdeaProjects\Gauge4Ocean\test-output\\4Ocean Test1_tarom_DESKTOP-HJ064M7_20210103182436330\SC1.png
Current Results Page: C:\Users\tarom\IdeaProjects\Gauge4Ocean\test-output\\4Ocean Test1_tarom_DESKTOP-HJ064M7_20210103182436330\\Results.html
getText: Stingray 2-Pound Pack
getText: $40.00 USD
Element found:
Element displayed
Element visible
X loc1: 320
Y loc1: 437
{"logLevel":"debug","message":"Executing 'Open The 4Ocean Site' using 'class org.example.StepImplementation.Open4Ocean"}
{"logLevel":"debug","message":"Executing 'Open The Catalog' using 'class org.example.StepImplementation.OpenCatalog"}
{"logLevel":"debug","message":"Executing 'Find Item {}' using 'class org.example.StepImplementation.FindItem"}
Element found:
Element displayed
Element visible
Element found:
Element displayed
Element visible
DT get ewe - not null By.xpath: //a[contains(text(),'Stingray Braided Bracelet')]
Element found:
Element displayed
Element visible
IsObjectVisible true
IsDisplayed true
Element found:
Element displayed
Element visible
X loc1: 485
Y loc1: 350
X loc2: 485
Y loc2: 350
Element found:
Element displayed
Element visible
X loc1: 485
Y loc1: 350
X loc2: 485
Y loc2: 350
Element found:
Element displayed
Element visible
Element found:
Element displayed
Element visible
getText: NEW
Element found:
Element displayed
Element visible
DT get ewe - not null By.className: money
Element found:
Element displayed
Element visible
IsObjectVisible true
IsDisplayed true
DT get ewe - not null By.className: color-tile
Element found:
Element displayed
Element visible
IsObjectVisible true
IsDisplayed true
DT get ewe - not null By.className: color-tile
Element found:
Element displayed
Element visible
IsObjectVisible true
IsDisplayed true
r: 29 g: 63 b: 102 a:1
#1d3f66
r: 29 g: 63 b: 102 a:1
#1d3f66
Color for Tile 1 : #1d3f66
r: 122 g: 232 b: 169 a:1
#7ae8a9
r: 122 g: 232 b: 169 a:1
#7ae8a9
Color for Tile 2 : #7ae8a9
in log test results stp2
C:\Users\tarom\IdeaProjects\Gauge4Ocean\test-output\\4Ocean Test1_tarom_DESKTOP-HJ064M7_20210103182436330\SC2.png
Current Results Page: C:\Users\tarom\IdeaProjects\Gauge4Ocean\test-output\\4Ocean Test1_tarom_DESKTOP-HJ064M7_20210103182436330\\Results.html
getText: Stingray Braided Bracelet
getText: $20.00 USD
Element found:
Element displayed
Element visible
X loc1: 504
Y loc1: 362
{"logLevel":"debug","message":"Executing 'Open The 4Ocean Site' using 'class org.example.StepImplementation.Open4Ocean"}
{"logLevel":"debug","message":"Executing 'Open The Catalog' using 'class org.example.StepImplementation.OpenCatalog"}
{"logLevel":"debug","message":"Executing 'Find Item {}' using 'class org.example.StepImplementation.FindItem"}
Element found:
Element displayed
Element visible
Element found:
Element displayed
Element visible
DT get ewe - not null By.xpath: //a[contains(text(),'Stingray Beaded Bracelet')]
Element found:
Element displayed
Element visible
IsObjectVisible true
IsDisplayed true
Element found:
Element displayed
Element visible
X loc1: 664
Y loc1: 350
Element found:
Element displayed
Element visible
X loc1: 664
Y loc1: 350
Element found:
Element displayed
Element visible
Element found:
Element displayed
Element visible
getText: NEW
Element found:
Element displayed
Element visible
DT get ewe - not null By.className: money
Element found:
Element displayed
Element visible
IsObjectVisible true
IsDisplayed true
DT get ewe - not null By.className: color-tile
Element found:
Element displayed
Element visible
IsObjectVisible true
IsDisplayed true
DT get ewe - not null By.className: color-tile
Element found:
Element displayed
Element visible
IsObjectVisible true
IsDisplayed true
r: 29 g: 63 b: 102 a:1
#1d3f66
r: 29 g: 63 b: 102 a:1
#1d3f66
Color for Tile 1 : #1d3f66
r: 122 g: 232 b: 169 a:1
#7ae8a9
r: 122 g: 232 b: 169 a:1
#7ae8a9
Color for Tile 2 : #7ae8a9
in log test results stp2
C:\Users\tarom\IdeaProjects\Gauge4Ocean\test-output\\4Ocean Test1_tarom_DESKTOP-HJ064M7_20210103182436330\SC3.png
Current Results Page: C:\Users\tarom\IdeaProjects\Gauge4Ocean\test-output\\4Ocean Test1_tarom_DESKTOP-HJ064M7_20210103182436330\\Results.html
getText: Stingray Beaded Bracelet
getText: $20.00 USD
Element found:
Element displayed
Element visible
X loc1: 683
Y loc1: 362
{"logLevel":"debug","message":"Executing 'Open The 4Ocean Site' using 'class org.example.StepImplementation.Open4Ocean"}
{"logLevel":"debug","message":"Executing 'Open The Catalog' using 'class org.example.StepImplementation.OpenCatalog"}
{"logLevel":"debug","message":"Executing 'Find Item {}' using 'class org.example.StepImplementation.FindItem"}
Element found:
Element displayed
Element visible
Element found:
Element displayed
Element visible
DT get ewe - not null By.xpath: //a[contains(text(),'4ocean On-The-Go Pack')]
Element found:
Element displayed
Element visible
IsObjectVisible true
IsDisplayed true
Element found:
Element displayed
Element visible
X loc1: 664
Y loc1: 1090
Element found:
Element displayed
Element visible
X loc1: 664
Y loc1: 1090
Element found:
Element displayed
Element visible
Element found:
Element displayed
Element visible
getText: NEW
Element found:
Element displayed
Element visible
DT get ewe - not null By.className: money
Element found:
Element displayed
Element visible
IsObjectVisible true
IsDisplayed true
DT get ewe - not null By.className: money
Element found:
Element displayed
Element visible
IsObjectVisible true
IsDisplayed true
in log test results stp2
C:\Users\tarom\IdeaProjects\Gauge4Ocean\test-output\\4Ocean Test1_tarom_DESKTOP-HJ064M7_20210103182436330\SC4.png
Current Results Page: C:\Users\tarom\IdeaProjects\Gauge4Ocean\test-output\\4Ocean Test1_tarom_DESKTOP-HJ064M7_20210103182436330\\Results.html
getText: 4ocean On-The-Go Pack
getText: $40.00 USD
getText: $47.00 USD
Element found:
Element displayed
Element visible
X loc1: 683
Y loc1: 1105
{"logLevel":"debug","message":"Executing 'Open The 4Ocean Site' using 'class org.example.StepImplementation.Open4Ocean"}
{"logLevel":"debug","message":"Executing 'Open The Catalog' using 'class org.example.StepImplementation.OpenCatalog"}
{"logLevel":"debug","message":"Executing 'Find Item {}' using 'class org.example.StepImplementation.FindItem"}
Element found:
Element displayed
Element visible
Element found:
Element displayed
Element visible
DT get ewe - not null By.xpath: //a[contains(text(),'Stingray Braided Bracelet')]
Element found:
Element displayed
Element visible
IsObjectVisible true
IsDisplayed true
Element found:
Element displayed
Element visible
X loc1: 485
Y loc1: 350
X loc2: 485
Y loc2: 350
Element found:
Element displayed
Element visible
X loc1: 485
Y loc1: 350
X loc2: 485
Y loc2: 350
Element found:
Element displayed
Element visible
Element found:
Element displayed
Element visible
getText: NEW
Element found:
Element displayed
Element visible
DT get ewe - not null By.className: money
Element found:
Element displayed
Element visible
IsObjectVisible true
IsDisplayed true
DT get ewe - not null By.className: color-tile
Element found:
Element displayed
Element visible
IsObjectVisible true
IsDisplayed true
DT get ewe - not null By.className: color-tile
Element found:
Element displayed
Element visible
IsObjectVisible true
IsDisplayed true
r: 29 g: 63 b: 102 a:1
#1d3f66
r: 29 g: 63 b: 102 a:1
#1d3f66
Color for Tile 1 : #1d3f66
r: 122 g: 232 b: 169 a:1
#7ae8a9
r: 122 g: 232 b: 169 a:1
#7ae8a9
Color for Tile 2 : #7ae8a9
in log test results stp2
C:\Users\tarom\IdeaProjects\Gauge4Ocean\test-output\\4Ocean Test1_tarom_DESKTOP-HJ064M7_20210103182436330\SC5.png
Current Results Page: C:\Users\tarom\IdeaProjects\Gauge4Ocean\test-output\\4Ocean Test1_tarom_DESKTOP-HJ064M7_20210103182436330\\Results.html
getText: Stingray Braided Bracelet
getText: $20.00 USD
Element found:
Element displayed
Element visible
X loc1: 504
Y loc1: 362
ResultsVV: C:\Users\tarom\IdeaProjects\Gauge4Ocean\test-output\\4Ocean Test1_tarom_DESKTOP-HJ064M7_20210103182436330
ResultsRF: C:\Users\tarom\IdeaProjects\Gauge4Ocean\test-output\
Rel: ..//////4Ocean Test1_tarom_DESKTOP-HJ064M7_20210103182436330
A3
ResultsVV: C:\Users\tarom\IdeaProjects\Gauge4Ocean\test-output\\4Ocean Test1_tarom_DESKTOP-HJ064M7_20210103182436330
ResultsRF: C:\Users\tarom\IdeaProjects\Gauge4Ocean\test-output\
Rel: ..//////4Ocean Test1_tarom_DESKTOP-HJ064M7_20210103182436330
Starting ChromeDriver 87.0.4280.88 (89e2380a3e36c3464b5dd1302349b1382549290d-refs/branch-heads/4280@{#1761}) on port 6348
Only local connections are allowed.
Please see https://chromedriver.chromium.org/security-considerations for suggestions on keeping ChromeDriver safe.
ChromeDriver was started successfully.
Jan 03, 2021 6:26:20 PM org.openqa.selenium.remote.ProtocolHandshake createSession
INFO: Detected dialect: W3C
{"logLevel":"debug","message":"Executing 'Open the Gauge homepage' using 'class org.example.StepImplementation.implementation1"}
{"logLevel":"debug","message":"Executing 'Go to Gauge Get Started Page' using 'class org.example.StepImplementation.gotoGetStartedPage"}
DT get ewe - not null By.xpath: //a[@href='https://docs.gauge.org/getting_started/installing-gauge.html']
Element found:
Element displayed
Element visible
IsObjectVisible true
IsDisplayed true
attempt click
made click
{"logLevel":"debug","message":"Executing 'Ensure installation instructions are available' using 'class org.example.StepImplementation.ensureInstallationInstructionsAreAvailable"}
DT get ewe - not null By.xpath: //a[@href='/writing-specifications.html']
Element found:
Element displayed
Element visible
IsObjectVisible true
IsDisplayed true
ResultsVV: C:\Users\tarom\IdeaProjects\Gauge4Ocean\test-output\\4Ocean Test1_tarom_DESKTOP-HJ064M7_20210103182436330
ResultsRF: C:\Users\tarom\IdeaProjects\Gauge4Ocean\test-output\
Rel: ..//////4Ocean Test1_tarom_DESKTOP-HJ064M7_20210103182436330
ResultsVV: C:\Users\tarom\IdeaProjects\Gauge4Ocean\test-output\\4Ocean Test1_tarom_DESKTOP-HJ064M7_20210103182436330
ResultsRF: C:\Users\tarom\IdeaProjects\Gauge4Ocean\test-output\
Rel: ..//////4Ocean Test1_tarom_DESKTOP-HJ064M7_20210103182436330
A3
